<?xml version="1.0" encoding="utf-8"?><testsuites name="pytest tests"><testsuite name="pytest" errors="0" failures="0" skipped="0" tests="22" time="2.603" timestamp="2026-04-11T17:46:09.117090+02:00" hostname="inspiron-15-Linux"><testcase classname="Tests.test_generation" name="test_conf_parDefaut" time="0.023" /><testcase classname="Tests.test_generation" name="test_conf_personnalisee" time="0.013" /><testcase classname="Tests.test_generation" name="test_conf_avec_erreur_chemin" time="0.012" /><testcase classname="Tests.test_generation" name="test_conf_avec_erreur_format" time="0.012" /><testcase classname="Tests.test_generation" name="test_log_AlaDemande" time="0.015" /><testcase classname="Tests.test_generation" name="test_contenu_propre_recupere" time="0.017" /><testcase classname="Tests.test_generation" name="test_contenu_mixte_recupere" time="0.014" /><testcase classname="Tests.test_generation" name="test_contenu_doublon_recupere" time="0.018" /><testcase classname="Tests.test_generation" name="test_html_correct" time="0.022" /><testcase classname="Tests.test_generation" name="test_html_avec_categorie_par_defaut" time="0.011" /><testcase classname="Tests.test_generation" name="test_transformer_les_liens_md" time="0.014" /><testcase classname="Tests.test_generation" name="test_contenu_initial_accueil" time="0.014" /><testcase classname="Tests.test_generation" name="test_contenu_html_accueil" time="0.053" /><testcase classname="Tests.test_generation" name="test_creer_page_index" time="0.014" /><testcase classname="Tests.test_generation" name="test_menu_page_actif" time="0.015" /><testcase classname="Tests.test_generation" name="test_liens_toutes_pages_html" time="0.011" /><testcase classname="Tests.test_generation" name="test_menu_site" time="0.020" /><testcase classname="Tests.test_generation" name="test_liens_footer[present-presentes-present]" time="0.017" /><testcase classname="Tests.test_generation" name="test_liens_footer[absent-absentes-absent]" time="0.016" /><testcase classname="Tests.test_generation" name="test_liens_footer[present-absentes-absent]" time="0.017" /><testcase classname="Tests.test_generation" name="test_depot_fichiers_statiques" time="0.035" /><testcase classname="Tests.test_generation" name="test_lancer_tout_le_programme" time="2.044" /></testsuite></testsuites>