<?xml version="1.0" encoding="utf-8"?><testsuites name="pytest tests"><testsuite name="pytest" errors="0" failures="0" skipped="0" tests="31" time="2.848" timestamp="2026-05-04T15:05:36.763942+02:00" hostname="inspiron-15-Linux"><testcase classname="Tests.test_generation" name="test_conf_parDefaut" time="0.033" /><testcase classname="Tests.test_generation" name="test_conf_personnalisee" time="0.015" /><testcase classname="Tests.test_generation" name="test_conf_avec_erreur_chemin" time="0.012" /><testcase classname="Tests.test_generation" name="test_conf_avec_erreur_format" time="0.018" /><testcase classname="Tests.test_generation" name="test_log_AlaDemande" time="0.019" /><testcase classname="Tests.test_generation" name="test_contenu_propre_recupere" time="0.029" /><testcase classname="Tests.test_generation" name="test_contenu_mixte_recupere" time="0.016" /><testcase classname="Tests.test_generation" name="test_contenu_doublon_recupere" time="0.023" /><testcase classname="Tests.test_generation" name="test_html_correct" time="0.027" /><testcase classname="Tests.test_generation" name="test_html_avec_categorie_par_defaut" time="0.013" /><testcase classname="Tests.test_generation" name="test_transformer_les_liens_md" time="0.016" /><testcase classname="Tests.test_generation" name="test_contenu_initial_accueil" time="0.017" /><testcase classname="Tests.test_generation" name="test_contenu_html_accueil" time="0.058" /><testcase classname="Tests.test_generation" name="test_creer_page_index" time="0.015" /><testcase classname="Tests.test_generation" name="test_menu_page_actif" time="0.016" /><testcase classname="Tests.test_generation" name="test_liens_toutes_pages_html" time="0.013" /><testcase classname="Tests.test_generation" name="test_menu_site" time="0.023" /><testcase classname="Tests.test_generation" name="test_liens_precedent_suivant[3-milieu-premier-dernier]" time="0.016" /><testcase classname="Tests.test_generation" name="test_liens_precedent_suivant[3-dernier-milieu-premier]" time="0.016" /><testcase classname="Tests.test_generation" name="test_liens_precedent_suivant[3-premier-dernier-milieu]" time="0.016" /><testcase classname="Tests.test_generation" name="test_liens_precedent_suivant[2-milieu-premier-aucun]" time="0.016" /><testcase classname="Tests.test_generation" name="test_liens_precedent_suivant[2-premier-aucun-milieu]" time="0.016" /><testcase classname="Tests.test_generation" name="test_liens_precedent_suivant[1-premier-aucun-aucun]" time="0.016" /><testcase classname="Tests.test_generation" name="test_afficher_liens_precedent_suivant[3-milieu-&lt; &lt;a href=&quot;premier.html&quot;&gt;premier&lt;/a&gt; | ... | &lt;a href=&quot;dernier.html&quot;&gt;dernier&lt;/a&gt; &gt;]" time="0.012" /><testcase classname="Tests.test_generation" name="test_afficher_posts_categorie[3]" time="0.013" /><testcase classname="Tests.test_generation" name="test_liens_footer[present-presentes-present]" time="0.020" /><testcase classname="Tests.test_generation" name="test_liens_footer[absent-absentes-absent]" time="0.019" /><testcase classname="Tests.test_generation" name="test_liens_footer[present-absentes-absent]" time="0.020" /><testcase classname="Tests.test_generation" name="test_nettoyer_dossier" time="0.020" /><testcase classname="Tests.test_generation" name="test_depot_fichiers_statiques" time="0.039" /><testcase classname="Tests.test_generation" name="test_lancer_tout_le_programme" time="2.045" /></testsuite></testsuites>